[2025-04-03 20:36:34,218][__main__][INFO] - project_name: euler-rag
mode:
  _name_: parse_and_store
  pdf_path: ./data/pdf_data/split/
  md_path: ./data/md_data/
  chunk_size: 5000
  language: nl
  is_directory: true
  semaphore: 5

[2025-04-03 20:36:37,771][src.ingestion.pdf2md][INFO] - Found 4 PDF files in directory.
[2025-04-03 20:36:37,771][src.ingestion.pdf2md][INFO] - ✅ Skipping existing: ./data/md_data/statistiek_en_kans.md
[2025-04-03 20:36:37,771][src.ingestion.pdf2md][INFO] - ✅ Skipping existing: ./data/md_data/verbanden.md
[2025-04-03 20:36:37,771][src.ingestion.pdf2md][INFO] - ✅ Skipping existing: ./data/md_data/drie_dimensies,_afstanden_en_hoeken.md
[2025-04-03 20:36:37,771][src.ingestion.pdf2md][INFO] - ✅ Skipping existing: ./data/md_data/grafieken_en_vergelijkingen.md
[2025-04-03 20:36:41,713][sentence_transformers.SentenceTransformer][INFO] - Use pytorch device_name: cuda
[2025-04-03 20:36:41,713][sentence_transformers.SentenceTransformer][INFO] - Load pretrained SentenceTransformer: sentence-transformers/paraphrase-multilingual-MiniLM-L12-v2
[2025-04-03 20:37:07,667][httpx][INFO] - HTTP Request: POST https://sqeksfwxqxcmkmvqryiw.supabase.co/rest/v1/documents "HTTP/2 409 Conflict"
[2025-04-03 20:37:07,781][httpx][INFO] - HTTP Request: POST https://sqeksfwxqxcmkmvqryiw.supabase.co/rest/v1/documents "HTTP/2 409 Conflict"
[2025-04-03 20:37:07,953][httpx][INFO] - HTTP Request: POST https://sqeksfwxqxcmkmvqryiw.supabase.co/rest/v1/documents "HTTP/2 409 Conflict"
[2025-04-03 20:37:08,080][httpx][INFO] - HTTP Request: POST https://sqeksfwxqxcmkmvqryiw.supabase.co/rest/v1/documents "HTTP/2 409 Conflict"
[2025-04-03 20:37:08,173][httpx][INFO] - HTTP Request: POST https://sqeksfwxqxcmkmvqryiw.supabase.co/rest/v1/documents "HTTP/2 409 Conflict"
[2025-04-03 20:37:08,236][httpx][INFO] - HTTP Request: POST https://sqeksfwxqxcmkmvqryiw.supabase.co/rest/v1/documents "HTTP/2 409 Conflict"
[2025-04-03 20:37:08,309][httpx][INFO] - HTTP Request: POST https://sqeksfwxqxcmkmvqryiw.supabase.co/rest/v1/documents "HTTP/2 409 Conflict"
[2025-04-03 20:37:08,346][httpx][INFO] - HTTP Request: POST https://sqeksfwxqxcmkmvqryiw.supabase.co/rest/v1/documents "HTTP/2 409 Conflict"
[2025-04-03 20:37:08,419][httpx][INFO] - HTTP Request: POST https://sqeksfwxqxcmkmvqryiw.supabase.co/rest/v1/documents "HTTP/2 409 Conflict"
[2025-04-03 20:37:08,461][httpx][INFO] - HTTP Request: POST https://sqeksfwxqxcmkmvqryiw.supabase.co/rest/v1/documents "HTTP/2 409 Conflict"
[2025-04-03 20:37:08,500][httpx][INFO] - HTTP Request: POST https://sqeksfwxqxcmkmvqryiw.supabase.co/rest/v1/documents "HTTP/2 409 Conflict"
[2025-04-03 20:37:08,538][httpx][INFO] - HTTP Request: POST https://sqeksfwxqxcmkmvqryiw.supabase.co/rest/v1/documents "HTTP/2 409 Conflict"
[2025-04-03 20:37:08,925][httpx][INFO] - HTTP Request: POST https://sqeksfwxqxcmkmvqryiw.supabase.co/rest/v1/documents "HTTP/2 409 Conflict"
[2025-04-03 20:37:08,991][httpx][INFO] - HTTP Request: POST https://sqeksfwxqxcmkmvqryiw.supabase.co/rest/v1/documents "HTTP/2 409 Conflict"
[2025-04-03 20:37:09,041][httpx][INFO] - HTTP Request: POST https://sqeksfwxqxcmkmvqryiw.supabase.co/rest/v1/documents "HTTP/2 409 Conflict"
[2025-04-03 20:37:09,083][httpx][INFO] - HTTP Request: POST https://sqeksfwxqxcmkmvqryiw.supabase.co/rest/v1/documents "HTTP/2 409 Conflict"
[2025-04-03 20:37:09,132][httpx][INFO] - HTTP Request: POST https://sqeksfwxqxcmkmvqryiw.supabase.co/rest/v1/documents "HTTP/2 409 Conflict"
[2025-04-03 20:37:09,165][httpx][INFO] - HTTP Request: POST https://sqeksfwxqxcmkmvqryiw.supabase.co/rest/v1/documents "HTTP/2 409 Conflict"
[2025-04-03 20:37:09,208][httpx][INFO] - HTTP Request: POST https://sqeksfwxqxcmkmvqryiw.supabase.co/rest/v1/documents "HTTP/2 409 Conflict"
[2025-04-03 20:37:09,248][httpx][INFO] - HTTP Request: POST https://sqeksfwxqxcmkmvqryiw.supabase.co/rest/v1/documents "HTTP/2 409 Conflict"
[2025-04-03 20:37:09,290][httpx][INFO] - HTTP Request: POST https://sqeksfwxqxcmkmvqryiw.supabase.co/rest/v1/documents "HTTP/2 409 Conflict"
[2025-04-03 20:37:09,372][httpx][INFO] - HTTP Request: POST https://sqeksfwxqxcmkmvqryiw.supabase.co/rest/v1/documents "HTTP/2 409 Conflict"
[2025-04-03 20:37:09,411][httpx][INFO] - HTTP Request: POST https://sqeksfwxqxcmkmvqryiw.supabase.co/rest/v1/documents "HTTP/2 409 Conflict"
[2025-04-03 20:37:09,478][httpx][INFO] - HTTP Request: POST https://sqeksfwxqxcmkmvqryiw.supabase.co/rest/v1/documents "HTTP/2 409 Conflict"
[2025-04-03 20:37:09,510][httpx][INFO] - HTTP Request: POST https://sqeksfwxqxcmkmvqryiw.supabase.co/rest/v1/documents "HTTP/2 409 Conflict"
[2025-04-03 20:37:09,548][httpx][INFO] - HTTP Request: POST https://sqeksfwxqxcmkmvqryiw.supabase.co/rest/v1/documents "HTTP/2 409 Conflict"
[2025-04-03 20:37:09,589][httpx][INFO] - HTTP Request: POST https://sqeksfwxqxcmkmvqryiw.supabase.co/rest/v1/documents "HTTP/2 409 Conflict"
[2025-04-03 20:37:09,630][httpx][INFO] - HTTP Request: POST https://sqeksfwxqxcmkmvqryiw.supabase.co/rest/v1/documents "HTTP/2 409 Conflict"
[2025-04-03 20:37:09,702][httpx][INFO] - HTTP Request: POST https://sqeksfwxqxcmkmvqryiw.supabase.co/rest/v1/documents "HTTP/2 409 Conflict"
[2025-04-03 20:37:09,747][httpx][INFO] - HTTP Request: POST https://sqeksfwxqxcmkmvqryiw.supabase.co/rest/v1/documents "HTTP/2 409 Conflict"
[2025-04-03 20:37:09,841][httpx][INFO] - HTTP Request: POST https://sqeksfwxqxcmkmvqryiw.supabase.co/rest/v1/documents "HTTP/2 409 Conflict"
[2025-04-03 20:37:09,891][httpx][INFO] - HTTP Request: POST https://sqeksfwxqxcmkmvqryiw.supabase.co/rest/v1/documents "HTTP/2 409 Conflict"
[2025-04-03 20:37:09,931][httpx][INFO] - HTTP Request: POST https://sqeksfwxqxcmkmvqryiw.supabase.co/rest/v1/documents "HTTP/2 409 Conflict"
[2025-04-03 20:37:09,970][httpx][INFO] - HTTP Request: POST https://sqeksfwxqxcmkmvqryiw.supabase.co/rest/v1/documents "HTTP/2 409 Conflict"
[2025-04-03 20:37:10,010][httpx][INFO] - HTTP Request: POST https://sqeksfwxqxcmkmvqryiw.supabase.co/rest/v1/documents "HTTP/2 409 Conflict"
[2025-04-03 20:37:10,054][httpx][INFO] - HTTP Request: POST https://sqeksfwxqxcmkmvqryiw.supabase.co/rest/v1/documents "HTTP/2 409 Conflict"
[2025-04-03 20:37:10,133][httpx][INFO] - HTTP Request: POST https://sqeksfwxqxcmkmvqryiw.supabase.co/rest/v1/documents "HTTP/2 409 Conflict"
[2025-04-03 20:37:10,176][httpx][INFO] - HTTP Request: POST https://sqeksfwxqxcmkmvqryiw.supabase.co/rest/v1/documents "HTTP/2 409 Conflict"
[2025-04-03 20:37:10,215][httpx][INFO] - HTTP Request: POST https://sqeksfwxqxcmkmvqryiw.supabase.co/rest/v1/documents "HTTP/2 409 Conflict"
[2025-04-03 20:37:10,253][httpx][INFO] - HTTP Request: POST https://sqeksfwxqxcmkmvqryiw.supabase.co/rest/v1/documents "HTTP/2 409 Conflict"
[2025-04-03 20:37:10,295][httpx][INFO] - HTTP Request: POST https://sqeksfwxqxcmkmvqryiw.supabase.co/rest/v1/documents "HTTP/2 409 Conflict"
[2025-04-03 20:37:10,339][httpx][INFO] - HTTP Request: POST https://sqeksfwxqxcmkmvqryiw.supabase.co/rest/v1/documents "HTTP/2 409 Conflict"
[2025-04-03 20:37:10,378][httpx][INFO] - HTTP Request: POST https://sqeksfwxqxcmkmvqryiw.supabase.co/rest/v1/documents "HTTP/2 409 Conflict"
[2025-04-03 20:37:10,413][httpx][INFO] - HTTP Request: POST https://sqeksfwxqxcmkmvqryiw.supabase.co/rest/v1/documents "HTTP/2 409 Conflict"
[2025-04-03 20:37:10,456][httpx][INFO] - HTTP Request: POST https://sqeksfwxqxcmkmvqryiw.supabase.co/rest/v1/documents "HTTP/2 409 Conflict"
[2025-04-03 20:37:10,493][httpx][INFO] - HTTP Request: POST https://sqeksfwxqxcmkmvqryiw.supabase.co/rest/v1/documents "HTTP/2 409 Conflict"
[2025-04-03 20:37:10,530][httpx][INFO] - HTTP Request: POST https://sqeksfwxqxcmkmvqryiw.supabase.co/rest/v1/documents "HTTP/2 409 Conflict"
[2025-04-03 20:37:10,581][httpx][INFO] - HTTP Request: POST https://sqeksfwxqxcmkmvqryiw.supabase.co/rest/v1/documents "HTTP/2 409 Conflict"
