[2025-04-01 12:07:02,880][__main__][INFO] - project_name: euler-rag
mode:
  _name_: parse_and_store
  pdf_path: ./data/pdf_data/split/
  md_path: ./data/md_data/
  chunk_size: 5000
  language: nl
  is_directory: true
  semaphore: 5

[2025-04-01 12:07:05,560][src.ingestion.pdf2md][INFO] - Found 4 PDF files in directory.
[2025-04-01 12:07:05,561][src.ingestion.pdf2md][INFO] - ✅ Skipping existing: ./data/md_data/statistiek_en_kans.md
[2025-04-01 12:07:05,562][src.ingestion.pdf2md][INFO] - ✅ Skipping existing: ./data/md_data/verbanden.md
[2025-04-01 12:07:05,563][src.ingestion.pdf2md][INFO] - ✅ Skipping existing: ./data/md_data/drie_dimensies,_afstanden_en_hoeken.md
[2025-04-01 12:07:05,565][src.ingestion.pdf2md][INFO] - ✅ Skipping existing: ./data/md_data/grafieken_en_vergelijkingen.md
[2025-04-01 12:07:34,998][httpx][INFO] - HTTP Request: POST https://qeimoyqqiufksheqxeif.supabase.co/rest/v1/site_pages "HTTP/2 404 Not Found"
[2025-04-01 12:07:35,082][httpx][INFO] - HTTP Request: POST https://qeimoyqqiufksheqxeif.supabase.co/rest/v1/site_pages "HTTP/2 404 Not Found"
[2025-04-01 12:07:35,186][httpx][INFO] - HTTP Request: POST https://qeimoyqqiufksheqxeif.supabase.co/rest/v1/site_pages "HTTP/2 404 Not Found"
[2025-04-01 12:07:35,330][httpx][INFO] - HTTP Request: POST https://qeimoyqqiufksheqxeif.supabase.co/rest/v1/site_pages "HTTP/2 404 Not Found"
[2025-04-01 12:07:35,399][httpx][INFO] - HTTP Request: POST https://qeimoyqqiufksheqxeif.supabase.co/rest/v1/site_pages "HTTP/2 404 Not Found"
[2025-04-01 12:07:35,487][httpx][INFO] - HTTP Request: POST https://qeimoyqqiufksheqxeif.supabase.co/rest/v1/site_pages "HTTP/2 404 Not Found"
[2025-04-01 12:07:35,586][httpx][INFO] - HTTP Request: POST https://qeimoyqqiufksheqxeif.supabase.co/rest/v1/site_pages "HTTP/2 404 Not Found"
[2025-04-01 12:07:35,635][httpx][INFO] - HTTP Request: POST https://qeimoyqqiufksheqxeif.supabase.co/rest/v1/site_pages "HTTP/2 404 Not Found"
[2025-04-01 12:07:35,717][httpx][INFO] - HTTP Request: POST https://qeimoyqqiufksheqxeif.supabase.co/rest/v1/site_pages "HTTP/2 404 Not Found"
[2025-04-01 12:07:35,815][httpx][INFO] - HTTP Request: POST https://qeimoyqqiufksheqxeif.supabase.co/rest/v1/site_pages "HTTP/2 404 Not Found"
