[2025-04-01 18:40:54,499][__main__][INFO] - project_name: euler-rag
mode:
  _name_: parse_and_store
  pdf_path: ./data/pdf_data/split/
  md_path: ./data/md_data/
  chunk_size: 5000
  language: nl
  is_directory: true
  semaphore: 5

[2025-04-01 18:40:57,354][src.ingestion.pdf2md][INFO] - Found 4 PDF files in directory.
[2025-04-01 18:40:57,354][src.ingestion.pdf2md][INFO] - ✅ Skipping existing: ./data/md_data/statistiek_en_kans.md
[2025-04-01 18:40:57,354][src.ingestion.pdf2md][INFO] - ✅ Skipping existing: ./data/md_data/verbanden.md
[2025-04-01 18:40:57,354][src.ingestion.pdf2md][INFO] - ✅ Skipping existing: ./data/md_data/drie_dimensies,_afstanden_en_hoeken.md
[2025-04-01 18:40:57,354][src.ingestion.pdf2md][INFO] - ✅ Skipping existing: ./data/md_data/grafieken_en_vergelijkingen.md
[2025-04-01 18:41:00,339][sentence_transformers.SentenceTransformer][INFO] - Use pytorch device_name: cuda
[2025-04-01 18:41:00,339][sentence_transformers.SentenceTransformer][INFO] - Load pretrained SentenceTransformer: sentence-transformers/paraphrase-multilingual-MiniLM-L12-v2
[2025-04-01 18:41:23,990][httpx][INFO] - HTTP Request: POST https://sqeksfwxqxcmkmvqryiw.supabase.co/rest/v1/documents "HTTP/2 401 Unauthorized"
[2025-04-01 18:41:24,051][httpx][INFO] - HTTP Request: POST https://sqeksfwxqxcmkmvqryiw.supabase.co/rest/v1/documents "HTTP/2 401 Unauthorized"
[2025-04-01 18:41:24,127][httpx][INFO] - HTTP Request: POST https://sqeksfwxqxcmkmvqryiw.supabase.co/rest/v1/documents "HTTP/2 401 Unauthorized"
[2025-04-01 18:41:24,203][httpx][INFO] - HTTP Request: POST https://sqeksfwxqxcmkmvqryiw.supabase.co/rest/v1/documents "HTTP/2 401 Unauthorized"
[2025-04-01 18:41:24,273][httpx][INFO] - HTTP Request: POST https://sqeksfwxqxcmkmvqryiw.supabase.co/rest/v1/documents "HTTP/2 401 Unauthorized"
[2025-04-01 18:41:24,316][httpx][INFO] - HTTP Request: POST https://sqeksfwxqxcmkmvqryiw.supabase.co/rest/v1/documents "HTTP/2 401 Unauthorized"
[2025-04-01 18:41:24,360][httpx][INFO] - HTTP Request: POST https://sqeksfwxqxcmkmvqryiw.supabase.co/rest/v1/documents "HTTP/2 401 Unauthorized"
[2025-04-01 18:41:24,429][httpx][INFO] - HTTP Request: POST https://sqeksfwxqxcmkmvqryiw.supabase.co/rest/v1/documents "HTTP/2 401 Unauthorized"
[2025-04-01 18:41:24,497][httpx][INFO] - HTTP Request: POST https://sqeksfwxqxcmkmvqryiw.supabase.co/rest/v1/documents "HTTP/2 401 Unauthorized"
[2025-04-01 18:41:24,546][httpx][INFO] - HTTP Request: POST https://sqeksfwxqxcmkmvqryiw.supabase.co/rest/v1/documents "HTTP/2 401 Unauthorized"
[2025-04-01 18:41:24,594][httpx][INFO] - HTTP Request: POST https://sqeksfwxqxcmkmvqryiw.supabase.co/rest/v1/documents "HTTP/2 401 Unauthorized"
[2025-04-01 18:41:25,034][httpx][INFO] - HTTP Request: POST https://sqeksfwxqxcmkmvqryiw.supabase.co/rest/v1/documents "HTTP/2 401 Unauthorized"
[2025-04-01 18:41:25,082][httpx][INFO] - HTTP Request: POST https://sqeksfwxqxcmkmvqryiw.supabase.co/rest/v1/documents "HTTP/2 401 Unauthorized"
[2025-04-01 18:41:25,123][httpx][INFO] - HTTP Request: POST https://sqeksfwxqxcmkmvqryiw.supabase.co/rest/v1/documents "HTTP/2 401 Unauthorized"
[2025-04-01 18:41:25,177][httpx][INFO] - HTTP Request: POST https://sqeksfwxqxcmkmvqryiw.supabase.co/rest/v1/documents "HTTP/2 401 Unauthorized"
[2025-04-01 18:41:25,219][httpx][INFO] - HTTP Request: POST https://sqeksfwxqxcmkmvqryiw.supabase.co/rest/v1/documents "HTTP/2 401 Unauthorized"
[2025-04-01 18:41:25,265][httpx][INFO] - HTTP Request: POST https://sqeksfwxqxcmkmvqryiw.supabase.co/rest/v1/documents "HTTP/2 401 Unauthorized"
[2025-04-01 18:41:25,304][httpx][INFO] - HTTP Request: POST https://sqeksfwxqxcmkmvqryiw.supabase.co/rest/v1/documents "HTTP/2 401 Unauthorized"
[2025-04-01 18:41:25,345][httpx][INFO] - HTTP Request: POST https://sqeksfwxqxcmkmvqryiw.supabase.co/rest/v1/documents "HTTP/2 401 Unauthorized"
[2025-04-01 18:41:25,384][httpx][INFO] - HTTP Request: POST https://sqeksfwxqxcmkmvqryiw.supabase.co/rest/v1/documents "HTTP/2 401 Unauthorized"
[2025-04-01 18:41:25,459][httpx][INFO] - HTTP Request: POST https://sqeksfwxqxcmkmvqryiw.supabase.co/rest/v1/documents "HTTP/2 401 Unauthorized"
[2025-04-01 18:41:25,499][httpx][INFO] - HTTP Request: POST https://sqeksfwxqxcmkmvqryiw.supabase.co/rest/v1/documents "HTTP/2 401 Unauthorized"
[2025-04-01 18:41:25,540][httpx][INFO] - HTTP Request: POST https://sqeksfwxqxcmkmvqryiw.supabase.co/rest/v1/documents "HTTP/2 401 Unauthorized"
[2025-04-01 18:41:26,551][httpx][INFO] - HTTP Request: POST https://sqeksfwxqxcmkmvqryiw.supabase.co/rest/v1/documents "HTTP/2 401 Unauthorized"
[2025-04-01 18:41:26,591][httpx][INFO] - HTTP Request: POST https://sqeksfwxqxcmkmvqryiw.supabase.co/rest/v1/documents "HTTP/2 401 Unauthorized"
[2025-04-01 18:41:26,648][httpx][INFO] - HTTP Request: POST https://sqeksfwxqxcmkmvqryiw.supabase.co/rest/v1/documents "HTTP/2 401 Unauthorized"
[2025-04-01 18:41:26,728][httpx][INFO] - HTTP Request: POST https://sqeksfwxqxcmkmvqryiw.supabase.co/rest/v1/documents "HTTP/2 401 Unauthorized"
[2025-04-01 18:41:26,774][httpx][INFO] - HTTP Request: POST https://sqeksfwxqxcmkmvqryiw.supabase.co/rest/v1/documents "HTTP/2 401 Unauthorized"
[2025-04-01 18:41:26,813][httpx][INFO] - HTTP Request: POST https://sqeksfwxqxcmkmvqryiw.supabase.co/rest/v1/documents "HTTP/2 401 Unauthorized"
[2025-04-01 18:41:26,853][httpx][INFO] - HTTP Request: POST https://sqeksfwxqxcmkmvqryiw.supabase.co/rest/v1/documents "HTTP/2 401 Unauthorized"
[2025-04-01 18:41:26,897][httpx][INFO] - HTTP Request: POST https://sqeksfwxqxcmkmvqryiw.supabase.co/rest/v1/documents "HTTP/2 401 Unauthorized"
[2025-04-01 18:41:26,935][httpx][INFO] - HTTP Request: POST https://sqeksfwxqxcmkmvqryiw.supabase.co/rest/v1/documents "HTTP/2 401 Unauthorized"
[2025-04-01 18:41:26,983][httpx][INFO] - HTTP Request: POST https://sqeksfwxqxcmkmvqryiw.supabase.co/rest/v1/documents "HTTP/2 401 Unauthorized"
[2025-04-01 18:41:27,052][httpx][INFO] - HTTP Request: POST https://sqeksfwxqxcmkmvqryiw.supabase.co/rest/v1/documents "HTTP/2 401 Unauthorized"
[2025-04-01 18:41:27,122][httpx][INFO] - HTTP Request: POST https://sqeksfwxqxcmkmvqryiw.supabase.co/rest/v1/documents "HTTP/2 401 Unauthorized"
[2025-04-01 18:41:27,161][httpx][INFO] - HTTP Request: POST https://sqeksfwxqxcmkmvqryiw.supabase.co/rest/v1/documents "HTTP/2 401 Unauthorized"
[2025-04-01 18:41:27,217][httpx][INFO] - HTTP Request: POST https://sqeksfwxqxcmkmvqryiw.supabase.co/rest/v1/documents "HTTP/2 401 Unauthorized"
[2025-04-01 18:41:27,289][httpx][INFO] - HTTP Request: POST https://sqeksfwxqxcmkmvqryiw.supabase.co/rest/v1/documents "HTTP/2 401 Unauthorized"
[2025-04-01 18:41:27,329][httpx][INFO] - HTTP Request: POST https://sqeksfwxqxcmkmvqryiw.supabase.co/rest/v1/documents "HTTP/2 401 Unauthorized"
[2025-04-01 18:41:27,373][httpx][INFO] - HTTP Request: POST https://sqeksfwxqxcmkmvqryiw.supabase.co/rest/v1/documents "HTTP/2 401 Unauthorized"
[2025-04-01 18:41:27,445][httpx][INFO] - HTTP Request: POST https://sqeksfwxqxcmkmvqryiw.supabase.co/rest/v1/documents "HTTP/2 401 Unauthorized"
[2025-04-01 18:41:27,486][httpx][INFO] - HTTP Request: POST https://sqeksfwxqxcmkmvqryiw.supabase.co/rest/v1/documents "HTTP/2 401 Unauthorized"
[2025-04-01 18:41:27,527][httpx][INFO] - HTTP Request: POST https://sqeksfwxqxcmkmvqryiw.supabase.co/rest/v1/documents "HTTP/2 401 Unauthorized"
[2025-04-01 18:41:27,566][httpx][INFO] - HTTP Request: POST https://sqeksfwxqxcmkmvqryiw.supabase.co/rest/v1/documents "HTTP/2 401 Unauthorized"
[2025-04-01 18:41:27,608][httpx][INFO] - HTTP Request: POST https://sqeksfwxqxcmkmvqryiw.supabase.co/rest/v1/documents "HTTP/2 401 Unauthorized"
[2025-04-01 18:41:27,657][httpx][INFO] - HTTP Request: POST https://sqeksfwxqxcmkmvqryiw.supabase.co/rest/v1/documents "HTTP/2 401 Unauthorized"
[2025-04-01 18:41:27,697][httpx][INFO] - HTTP Request: POST https://sqeksfwxqxcmkmvqryiw.supabase.co/rest/v1/documents "HTTP/2 401 Unauthorized"
[2025-04-01 18:41:27,742][httpx][INFO] - HTTP Request: POST https://sqeksfwxqxcmkmvqryiw.supabase.co/rest/v1/documents "HTTP/2 401 Unauthorized"
